[0.016s] Invoking command in '/home/victor/colcon__ws/src/follow_wall_cavros/build/follow_wall_cavros': CMAKE_PREFIX_PATH=${CMAKE_PREFIX_PATH}:/home/victor/colcon__ws/install/ros2controlcli:/home/victor/colcon__ws/install/launch_pal:/home/victor/colcon__ws/install/intro_py_ros2:/opt/ros/foxy /usr/bin/cmake --build /home/victor/colcon__ws/src/follow_wall_cavros/build/follow_wall_cavros -- -j12 -l12
[0.069s] [35m[1mScanning dependencies of target follow_wall_cavros[0m
[0.080s] [ 18%] Built target gtest_main
[0.080s] [ 36%] Built target gtest
[0.100s] [ 45%] [32mBuilding CXX object CMakeFiles/follow_wall_cavros.dir/src/follow_wall_cavros/LaserNode.cpp.o[0m
[5.156s] [ 54%] [32m[1mLinking CXX shared library libfollow_wall_cavros.so[0m
[5.535s] [ 63%] Built target follow_wall_cavros
[5.569s] [ 72%] [32m[1mLinking CXX executable tests[0m
[5.570s] [ 81%] [32m[1mLinking CXX executable follow_wall_main[0m
[5.753s] [ 90%] Built target follow_wall_main
[5.874s] [100%] Built target tests
[5.887s] Invoked command in '/home/victor/colcon__ws/src/follow_wall_cavros/build/follow_wall_cavros' returned '0': CMAKE_PREFIX_PATH=${CMAKE_PREFIX_PATH}:/home/victor/colcon__ws/install/ros2controlcli:/home/victor/colcon__ws/install/launch_pal:/home/victor/colcon__ws/install/intro_py_ros2:/opt/ros/foxy /usr/bin/cmake --build /home/victor/colcon__ws/src/follow_wall_cavros/build/follow_wall_cavros -- -j12 -l12
[5.944s] Invoking command in '/home/victor/colcon__ws/src/follow_wall_cavros/build/follow_wall_cavros': CMAKE_PREFIX_PATH=${CMAKE_PREFIX_PATH}:/home/victor/colcon__ws/install/ros2controlcli:/home/victor/colcon__ws/install/launch_pal:/home/victor/colcon__ws/install/intro_py_ros2:/opt/ros/foxy /usr/bin/cmake --install /home/victor/colcon__ws/src/follow_wall_cavros/build/follow_wall_cavros
[5.955s] -- Install configuration: "DEBUG"
[5.956s] -- Execute custom install script
[5.956s] -- Up-to-date symlink: /home/victor/colcon__ws/src/follow_wall_cavros/install/follow_wall_cavros/include//follow_wall_cavros/LaserNode.hpp
[5.957s] -- Up-to-date symlink: /home/victor/colcon__ws/src/follow_wall_cavros/install/follow_wall_cavros/include//follow_wall_cavros/LifeCycle.hpp
[5.957s] -- Up-to-date symlink: /home/victor/colcon__ws/src/follow_wall_cavros/install/follow_wall_cavros/lib/follow_wall_cavros/follow_wall_main
[5.957s] -- Up-to-date symlink: /home/victor/colcon__ws/src/follow_wall_cavros/install/follow_wall_cavros/share/follow_wall_cavros/environment/library_path.sh
[5.958s] -- Up-to-date symlink: /home/victor/colcon__ws/src/follow_wall_cavros/install/follow_wall_cavros/share/follow_wall_cavros/environment/library_path.dsv
[5.958s] -- Up-to-date symlink: /home/victor/colcon__ws/src/follow_wall_cavros/install/follow_wall_cavros/share/ament_index/resource_index/package_run_dependencies/follow_wall_cavros
[5.958s] -- Up-to-date symlink: /home/victor/colcon__ws/src/follow_wall_cavros/install/follow_wall_cavros/share/ament_index/resource_index/parent_prefix_path/follow_wall_cavros
[5.959s] -- Up-to-date symlink: /home/victor/colcon__ws/src/follow_wall_cavros/install/follow_wall_cavros/share/follow_wall_cavros/environment/ament_prefix_path.sh
[5.959s] -- Up-to-date symlink: /home/victor/colcon__ws/src/follow_wall_cavros/install/follow_wall_cavros/share/follow_wall_cavros/environment/ament_prefix_path.dsv
[5.959s] -- Up-to-date symlink: /home/victor/colcon__ws/src/follow_wall_cavros/install/follow_wall_cavros/share/follow_wall_cavros/environment/path.sh
[5.959s] -- Up-to-date symlink: /home/victor/colcon__ws/src/follow_wall_cavros/install/follow_wall_cavros/share/follow_wall_cavros/environment/path.dsv
[5.960s] -- Up-to-date symlink: /home/victor/colcon__ws/src/follow_wall_cavros/install/follow_wall_cavros/share/follow_wall_cavros/local_setup.bash
[5.960s] -- Up-to-date symlink: /home/victor/colcon__ws/src/follow_wall_cavros/install/follow_wall_cavros/share/follow_wall_cavros/local_setup.sh
[5.960s] -- Up-to-date symlink: /home/victor/colcon__ws/src/follow_wall_cavros/install/follow_wall_cavros/share/follow_wall_cavros/local_setup.zsh
[5.961s] -- Up-to-date symlink: /home/victor/colcon__ws/src/follow_wall_cavros/install/follow_wall_cavros/share/follow_wall_cavros/local_setup.dsv
[5.961s] -- Symlinking: /home/victor/colcon__ws/src/follow_wall_cavros/install/follow_wall_cavros/share/follow_wall_cavros/package.dsv
[5.974s] -- Up-to-date symlink: /home/victor/colcon__ws/src/follow_wall_cavros/install/follow_wall_cavros/share/ament_index/resource_index/packages/follow_wall_cavros
[5.974s] -- Up-to-date symlink: /home/victor/colcon__ws/src/follow_wall_cavros/install/follow_wall_cavros/share/follow_wall_cavros/cmake/ament_cmake_export_include_directories-extras.cmake
[5.974s] -- Up-to-date symlink: /home/victor/colcon__ws/src/follow_wall_cavros/install/follow_wall_cavros/share/follow_wall_cavros/cmake/ament_cmake_export_libraries-extras.cmake
[5.975s] -- Up-to-date symlink: /home/victor/colcon__ws/src/follow_wall_cavros/install/follow_wall_cavros/share/follow_wall_cavros/cmake/ament_cmake_export_dependencies-extras.cmake
[5.975s] -- Up-to-date symlink: /home/victor/colcon__ws/src/follow_wall_cavros/install/follow_wall_cavros/share/follow_wall_cavros/cmake/follow_wall_cavrosConfig.cmake
[5.975s] -- Up-to-date symlink: /home/victor/colcon__ws/src/follow_wall_cavros/install/follow_wall_cavros/share/follow_wall_cavros/cmake/follow_wall_cavrosConfig-version.cmake
[5.975s] -- Up-to-date symlink: /home/victor/colcon__ws/src/follow_wall_cavros/install/follow_wall_cavros/share/follow_wall_cavros/package.xml
[5.979s] Invoked command in '/home/victor/colcon__ws/src/follow_wall_cavros/build/follow_wall_cavros' returned '0': CMAKE_PREFIX_PATH=${CMAKE_PREFIX_PATH}:/home/victor/colcon__ws/install/ros2controlcli:/home/victor/colcon__ws/install/launch_pal:/home/victor/colcon__ws/install/intro_py_ros2:/opt/ros/foxy /usr/bin/cmake --install /home/victor/colcon__ws/src/follow_wall_cavros/build/follow_wall_cavros
