In file included from [01m[K/opt/ros/foxy/include/rclcpp/service.hpp:34[m[K,
                 from [01m[K/opt/ros/foxy/include/rclcpp/callback_group.hpp:25[m[K,
                 from [01m[K/opt/ros/foxy/include/rclcpp/any_executable.hpp:20[m[K,
                 from [01m[K/opt/ros/foxy/include/rclcpp/memory_strategy.hpp:24[m[K,
                 from [01m[K/opt/ros/foxy/include/rclcpp/memory_strategies.hpp:18[m[K,
                 from [01m[K/opt/ros/foxy/include/rclcpp/executor_options.hpp:20[m[K,
                 from [01m[K/opt/ros/foxy/include/rclcpp/executor.hpp:33[m[K,
                 from [01m[K/opt/ros/foxy/include/rclcpp/executors/multi_threaded_executor.hpp:26[m[K,
                 from [01m[K/opt/ros/foxy/include/rclcpp/executors.hpp:21[m[K,
                 from [01m[K/opt/ros/foxy/include/rclcpp/rclcpp.hpp:146[m[K,
                 from [01m[K/home/victor/colcon__ws/src/follow_wall_cavros/include/follow_wall_cavros/LifeCycle.hpp:19[m[K,
                 from [01m[K/home/victor/colcon__ws/src/follow_wall_cavros/src/follow_wall_main.cpp:17[m[K:
[01m[K/home/victor/colcon__ws/src/follow_wall_cavros/src/follow_wall_main.cpp:[m[K In function ‘[01m[Kint main(int, char**)[m[K’:
[01m[K/home/victor/colcon__ws/src/follow_wall_cavros/src/follow_wall_main.cpp:33:15:[m[K [01;31m[Kerror: [m[K‘[01m[Kget_logger[m[K’ was not declared in this scope; did you mean ‘[01m[Krclcpp::get_logger[m[K’?
   33 |   RCLCPP_INFO([01;31m[Kget_logger[m[K(),"fffffff");
      |               [01;31m[K^~~~~~~~~~[m[K
In file included from [01m[K/opt/ros/foxy/include/rclcpp/logging.hpp:23[m[K,
                 from [01m[K/opt/ros/foxy/include/rclcpp/service.hpp:34[m[K,
                 from [01m[K/opt/ros/foxy/include/rclcpp/callback_group.hpp:25[m[K,
                 from [01m[K/opt/ros/foxy/include/rclcpp/any_executable.hpp:20[m[K,
                 from [01m[K/opt/ros/foxy/include/rclcpp/memory_strategy.hpp:24[m[K,
                 from [01m[K/opt/ros/foxy/include/rclcpp/memory_strategies.hpp:18[m[K,
                 from [01m[K/opt/ros/foxy/include/rclcpp/executor_options.hpp:20[m[K,
                 from [01m[K/opt/ros/foxy/include/rclcpp/executor.hpp:33[m[K,
                 from [01m[K/opt/ros/foxy/include/rclcpp/executors/multi_threaded_executor.hpp:26[m[K,
                 from [01m[K/opt/ros/foxy/include/rclcpp/executors.hpp:21[m[K,
                 from [01m[K/opt/ros/foxy/include/rclcpp/rclcpp.hpp:146[m[K,
                 from [01m[K/home/victor/colcon__ws/src/follow_wall_cavros/include/follow_wall_cavros/LifeCycle.hpp:19[m[K,
                 from [01m[K/home/victor/colcon__ws/src/follow_wall_cavros/src/follow_wall_main.cpp:17[m[K:
[01m[K/opt/ros/foxy/include/rclcpp/logger.hpp:80:17:[m[K [01;36m[Knote: [m[K‘[01m[Krclcpp::get_logger[m[K’ declared here
   80 |   friend Logger [01;36m[Krclcpp[m[K::get_logger(const std::string & name);
      |                 [01;36m[K^~~~~~[m[K
In file included from [01m[K/opt/ros/foxy/include/rclcpp/service.hpp:34[m[K,
                 from [01m[K/opt/ros/foxy/include/rclcpp/callback_group.hpp:25[m[K,
                 from [01m[K/opt/ros/foxy/include/rclcpp/any_executable.hpp:20[m[K,
                 from [01m[K/opt/ros/foxy/include/rclcpp/memory_strategy.hpp:24[m[K,
                 from [01m[K/opt/ros/foxy/include/rclcpp/memory_strategies.hpp:18[m[K,
                 from [01m[K/opt/ros/foxy/include/rclcpp/executor_options.hpp:20[m[K,
                 from [01m[K/opt/ros/foxy/include/rclcpp/executor.hpp:33[m[K,
                 from [01m[K/opt/ros/foxy/include/rclcpp/executors/multi_threaded_executor.hpp:26[m[K,
                 from [01m[K/opt/ros/foxy/include/rclcpp/executors.hpp:21[m[K,
                 from [01m[K/opt/ros/foxy/include/rclcpp/rclcpp.hpp:146[m[K,
                 from [01m[K/home/victor/colcon__ws/src/follow_wall_cavros/include/follow_wall_cavros/LifeCycle.hpp:19[m[K,
                 from [01m[K/home/victor/colcon__ws/src/follow_wall_cavros/src/follow_wall_main.cpp:17[m[K:
[01m[K/home/victor/colcon__ws/src/follow_wall_cavros/src/follow_wall_main.cpp:33:3:[m[K [01;31m[Kerror: [m[Ktemplate argument 1 is invalid
   33 |   [01;31m[KRCLCPP_INFO[m[K(get_logger(),"fffffff");
      |   [01;31m[K^~~~~~~~~~~[m[K
[01m[K/home/victor/colcon__ws/src/follow_wall_cavros/src/follow_wall_main.cpp:33:3:[m[K [01;31m[Kerror: [m[Ktemplate argument 1 is invalid
   33 |   [01;31m[KRCLCPP_INFO[m[K(get_logger(),"fffffff");
      |   [01;31m[K^~~~~~~~~~~[m[K
[01m[K/home/victor/colcon__ws/src/follow_wall_cavros/src/follow_wall_main.cpp:33:3:[m[K [01;31m[Kerror: [m[Ktemplate argument 1 is invalid
   33 |   [01;31m[KRCLCPP_INFO[m[K(get_logger(),"fffffff");
      |   [01;31m[K^~~~~~~~~~~[m[K
make[2]: *** [CMakeFiles/follow_wall_main.dir/build.make:63: CMakeFiles/follow_wall_main.dir/src/follow_wall_main.cpp.o] Error 1
make[1]: *** [CMakeFiles/Makefile2:175: CMakeFiles/follow_wall_main.dir/all] Error 2
make: *** [Makefile:141: all] Error 2
