[0.016s] Invoking command in '/home/victor/colcon__ws/src/follow_wall_cavros/build/follow_wall_cavros': CMAKE_PREFIX_PATH=${CMAKE_PREFIX_PATH}:/home/victor/colcon__ws/install/ros2controlcli:/home/victor/colcon__ws/install/launch_pal:/home/victor/colcon__ws/install/intro_py_ros2:/opt/ros/foxy /usr/bin/cmake --build /home/victor/colcon__ws/src/follow_wall_cavros/build/follow_wall_cavros -- -j12 -l12
[0.070s] [35m[1mScanning dependencies of target follow_wall_cavros[0m
[0.081s] [ 36%] Built target gtest_main
[0.082s] [ 36%] Built target gtest
[0.103s] [ 45%] [32mBuilding CXX object CMakeFiles/follow_wall_cavros.dir/src/follow_wall_cavros/LifeCycle.cpp.o[0m
[5.367s] [ 54%] [32m[1mLinking CXX shared library libfollow_wall_cavros.so[0m
[5.754s] [ 63%] Built target follow_wall_cavros
[5.769s] [35m[1mScanning dependencies of target follow_wall_main[0m
[5.789s] [ 72%] [32m[1mLinking CXX executable tests[0m
[5.798s] [ 81%] [32mBuilding CXX object CMakeFiles/follow_wall_main.dir/src/follow_wall_main.cpp.o[0m
[6.089s] [ 90%] Built target tests
[7.788s] [100%] [32m[1mLinking CXX executable follow_wall_main[0m
[7.943s] [100%] Built target follow_wall_main
[7.956s] Invoked command in '/home/victor/colcon__ws/src/follow_wall_cavros/build/follow_wall_cavros' returned '0': CMAKE_PREFIX_PATH=${CMAKE_PREFIX_PATH}:/home/victor/colcon__ws/install/ros2controlcli:/home/victor/colcon__ws/install/launch_pal:/home/victor/colcon__ws/install/intro_py_ros2:/opt/ros/foxy /usr/bin/cmake --build /home/victor/colcon__ws/src/follow_wall_cavros/build/follow_wall_cavros -- -j12 -l12
[8.011s] Invoking command in '/home/victor/colcon__ws/src/follow_wall_cavros/build/follow_wall_cavros': CMAKE_PREFIX_PATH=${CMAKE_PREFIX_PATH}:/home/victor/colcon__ws/install/ros2controlcli:/home/victor/colcon__ws/install/launch_pal:/home/victor/colcon__ws/install/intro_py_ros2:/opt/ros/foxy /usr/bin/cmake --install /home/victor/colcon__ws/src/follow_wall_cavros/build/follow_wall_cavros
[8.021s] -- Install configuration: "DEBUG"
[8.022s] -- Execute custom install script
[8.022s] -- Up-to-date symlink: /home/victor/colcon__ws/src/follow_wall_cavros/install/follow_wall_cavros/include//follow_wall_cavros/LaserNode.hpp
[8.022s] -- Up-to-date symlink: /home/victor/colcon__ws/src/follow_wall_cavros/install/follow_wall_cavros/include//follow_wall_cavros/LifeCycle.hpp
[8.023s] -- Up-to-date symlink: /home/victor/colcon__ws/src/follow_wall_cavros/install/follow_wall_cavros/lib/follow_wall_cavros/follow_wall_main
[8.023s] -- Up-to-date symlink: /home/victor/colcon__ws/src/follow_wall_cavros/install/follow_wall_cavros/share/follow_wall_cavros/environment/library_path.sh
[8.023s] -- Up-to-date symlink: /home/victor/colcon__ws/src/follow_wall_cavros/install/follow_wall_cavros/share/follow_wall_cavros/environment/library_path.dsv
[8.023s] -- Up-to-date symlink: /home/victor/colcon__ws/src/follow_wall_cavros/install/follow_wall_cavros/share/ament_index/resource_index/package_run_dependencies/follow_wall_cavros
[8.024s] -- Up-to-date symlink: /home/victor/colcon__ws/src/follow_wall_cavros/install/follow_wall_cavros/share/ament_index/resource_index/parent_prefix_path/follow_wall_cavros
[8.024s] -- Up-to-date symlink: /home/victor/colcon__ws/src/follow_wall_cavros/install/follow_wall_cavros/share/follow_wall_cavros/environment/ament_prefix_path.sh
[8.024s] -- Up-to-date symlink: /home/victor/colcon__ws/src/follow_wall_cavros/install/follow_wall_cavros/share/follow_wall_cavros/environment/ament_prefix_path.dsv
[8.025s] -- Up-to-date symlink: /home/victor/colcon__ws/src/follow_wall_cavros/install/follow_wall_cavros/share/follow_wall_cavros/environment/path.sh
[8.025s] -- Up-to-date symlink: /home/victor/colcon__ws/src/follow_wall_cavros/install/follow_wall_cavros/share/follow_wall_cavros/environment/path.dsv
[8.025s] -- Up-to-date symlink: /home/victor/colcon__ws/src/follow_wall_cavros/install/follow_wall_cavros/share/follow_wall_cavros/local_setup.bash
[8.025s] -- Up-to-date symlink: /home/victor/colcon__ws/src/follow_wall_cavros/install/follow_wall_cavros/share/follow_wall_cavros/local_setup.sh
[8.026s] -- Up-to-date symlink: /home/victor/colcon__ws/src/follow_wall_cavros/install/follow_wall_cavros/share/follow_wall_cavros/local_setup.zsh
[8.026s] -- Up-to-date symlink: /home/victor/colcon__ws/src/follow_wall_cavros/install/follow_wall_cavros/share/follow_wall_cavros/local_setup.dsv
[8.026s] -- Symlinking: /home/victor/colcon__ws/src/follow_wall_cavros/install/follow_wall_cavros/share/follow_wall_cavros/package.dsv
[8.038s] -- Up-to-date symlink: /home/victor/colcon__ws/src/follow_wall_cavros/install/follow_wall_cavros/share/ament_index/resource_index/packages/follow_wall_cavros
[8.038s] -- Up-to-date symlink: /home/victor/colcon__ws/src/follow_wall_cavros/install/follow_wall_cavros/share/follow_wall_cavros/cmake/ament_cmake_export_include_directories-extras.cmake
[8.038s] -- Up-to-date symlink: /home/victor/colcon__ws/src/follow_wall_cavros/install/follow_wall_cavros/share/follow_wall_cavros/cmake/ament_cmake_export_libraries-extras.cmake
[8.039s] -- Up-to-date symlink: /home/victor/colcon__ws/src/follow_wall_cavros/install/follow_wall_cavros/share/follow_wall_cavros/cmake/ament_cmake_export_dependencies-extras.cmake
[8.039s] -- Up-to-date symlink: /home/victor/colcon__ws/src/follow_wall_cavros/install/follow_wall_cavros/share/follow_wall_cavros/cmake/follow_wall_cavrosConfig.cmake
[8.039s] -- Up-to-date symlink: /home/victor/colcon__ws/src/follow_wall_cavros/install/follow_wall_cavros/share/follow_wall_cavros/cmake/follow_wall_cavrosConfig-version.cmake
[8.039s] -- Up-to-date symlink: /home/victor/colcon__ws/src/follow_wall_cavros/install/follow_wall_cavros/share/follow_wall_cavros/package.xml
[8.041s] Invoked command in '/home/victor/colcon__ws/src/follow_wall_cavros/build/follow_wall_cavros' returned '0': CMAKE_PREFIX_PATH=${CMAKE_PREFIX_PATH}:/home/victor/colcon__ws/install/ros2controlcli:/home/victor/colcon__ws/install/launch_pal:/home/victor/colcon__ws/install/intro_py_ros2:/opt/ros/foxy /usr/bin/cmake --install /home/victor/colcon__ws/src/follow_wall_cavros/build/follow_wall_cavros
