[0.016s] Invoking command in '/home/victor/colcon__ws/src/follow_wall_cavros/build/follow_wall_cavros': CMAKE_PREFIX_PATH=${CMAKE_PREFIX_PATH}:/home/victor/colcon__ws/install/ros2controlcli:/home/victor/colcon__ws/install/launch_pal:/home/victor/colcon__ws/install/intro_py_ros2:/opt/ros/foxy /usr/bin/cmake --build /home/victor/colcon__ws/src/follow_wall_cavros/build/follow_wall_cavros -- -j12 -l12
[0.070s] [35m[1mScanning dependencies of target follow_wall_cavros[0m
[0.081s] [ 36%] Built target gtest_main
[0.081s] [ 36%] Built target gtest
[0.102s] [ 45%] [32mBuilding CXX object CMakeFiles/follow_wall_cavros.dir/src/follow_wall_cavros/LifeCycle.cpp.o[0m
[5.383s] [ 54%] [32m[1mLinking CXX shared library libfollow_wall_cavros.so[0m
[5.807s] [ 63%] Built target follow_wall_cavros
[5.844s] [ 72%] [32m[1mLinking CXX executable tests[0m
[5.844s] [ 81%] [32m[1mLinking CXX executable follow_wall_main[0m
[6.039s] [ 90%] Built target follow_wall_main
[6.160s] [100%] Built target tests
[6.174s] Invoked command in '/home/victor/colcon__ws/src/follow_wall_cavros/build/follow_wall_cavros' returned '0': CMAKE_PREFIX_PATH=${CMAKE_PREFIX_PATH}:/home/victor/colcon__ws/install/ros2controlcli:/home/victor/colcon__ws/install/launch_pal:/home/victor/colcon__ws/install/intro_py_ros2:/opt/ros/foxy /usr/bin/cmake --build /home/victor/colcon__ws/src/follow_wall_cavros/build/follow_wall_cavros -- -j12 -l12
[6.229s] Invoking command in '/home/victor/colcon__ws/src/follow_wall_cavros/build/follow_wall_cavros': CMAKE_PREFIX_PATH=${CMAKE_PREFIX_PATH}:/home/victor/colcon__ws/install/ros2controlcli:/home/victor/colcon__ws/install/launch_pal:/home/victor/colcon__ws/install/intro_py_ros2:/opt/ros/foxy /usr/bin/cmake --install /home/victor/colcon__ws/src/follow_wall_cavros/build/follow_wall_cavros
[6.240s] -- Install configuration: "DEBUG"
[6.241s] -- Execute custom install script
[6.242s] -- Up-to-date symlink: /home/victor/colcon__ws/src/follow_wall_cavros/install/follow_wall_cavros/include//follow_wall_cavros/LaserNode.hpp
[6.242s] -- Up-to-date symlink: /home/victor/colcon__ws/src/follow_wall_cavros/install/follow_wall_cavros/include//follow_wall_cavros/LifeCycle.hpp
[6.242s] -- Up-to-date symlink: /home/victor/colcon__ws/src/follow_wall_cavros/install/follow_wall_cavros/lib/follow_wall_cavros/follow_wall_main
[6.242s] -- Up-to-date symlink: /home/victor/colcon__ws/src/follow_wall_cavros/install/follow_wall_cavros/share/follow_wall_cavros/environment/library_path.sh
[6.243s] -- Up-to-date symlink: /home/victor/colcon__ws/src/follow_wall_cavros/install/follow_wall_cavros/share/follow_wall_cavros/environment/library_path.dsv
[6.243s] -- Up-to-date symlink: /home/victor/colcon__ws/src/follow_wall_cavros/install/follow_wall_cavros/share/ament_index/resource_index/package_run_dependencies/follow_wall_cavros
[6.243s] -- Up-to-date symlink: /home/victor/colcon__ws/src/follow_wall_cavros/install/follow_wall_cavros/share/ament_index/resource_index/parent_prefix_path/follow_wall_cavros
[6.244s] -- Up-to-date symlink: /home/victor/colcon__ws/src/follow_wall_cavros/install/follow_wall_cavros/share/follow_wall_cavros/environment/ament_prefix_path.sh
[6.244s] -- Up-to-date symlink: /home/victor/colcon__ws/src/follow_wall_cavros/install/follow_wall_cavros/share/follow_wall_cavros/environment/ament_prefix_path.dsv
[6.244s] -- Up-to-date symlink: /home/victor/colcon__ws/src/follow_wall_cavros/install/follow_wall_cavros/share/follow_wall_cavros/environment/path.sh
[6.244s] -- Up-to-date symlink: /home/victor/colcon__ws/src/follow_wall_cavros/install/follow_wall_cavros/share/follow_wall_cavros/environment/path.dsv
[6.245s] -- Up-to-date symlink: /home/victor/colcon__ws/src/follow_wall_cavros/install/follow_wall_cavros/share/follow_wall_cavros/local_setup.bash
[6.245s] -- Up-to-date symlink: /home/victor/colcon__ws/src/follow_wall_cavros/install/follow_wall_cavros/share/follow_wall_cavros/local_setup.sh
[6.245s] -- Up-to-date symlink: /home/victor/colcon__ws/src/follow_wall_cavros/install/follow_wall_cavros/share/follow_wall_cavros/local_setup.zsh
[6.245s] -- Up-to-date symlink: /home/victor/colcon__ws/src/follow_wall_cavros/install/follow_wall_cavros/share/follow_wall_cavros/local_setup.dsv
[6.245s] -- Symlinking: /home/victor/colcon__ws/src/follow_wall_cavros/install/follow_wall_cavros/share/follow_wall_cavros/package.dsv
[6.256s] -- Up-to-date symlink: /home/victor/colcon__ws/src/follow_wall_cavros/install/follow_wall_cavros/share/ament_index/resource_index/packages/follow_wall_cavros
[6.257s] -- Up-to-date symlink: /home/victor/colcon__ws/src/follow_wall_cavros/install/follow_wall_cavros/share/follow_wall_cavros/cmake/ament_cmake_export_include_directories-extras.cmake
[6.257s] -- Up-to-date symlink: /home/victor/colcon__ws/src/follow_wall_cavros/install/follow_wall_cavros/share/follow_wall_cavros/cmake/ament_cmake_export_libraries-extras.cmake
[6.257s] -- Up-to-date symlink: /home/victor/colcon__ws/src/follow_wall_cavros/install/follow_wall_cavros/share/follow_wall_cavros/cmake/ament_cmake_export_dependencies-extras.cmake
[6.257s] -- Up-to-date symlink: /home/victor/colcon__ws/src/follow_wall_cavros/install/follow_wall_cavros/share/follow_wall_cavros/cmake/follow_wall_cavrosConfig.cmake
[6.257s] -- Up-to-date symlink: /home/victor/colcon__ws/src/follow_wall_cavros/install/follow_wall_cavros/share/follow_wall_cavros/cmake/follow_wall_cavrosConfig-version.cmake
[6.258s] -- Up-to-date symlink: /home/victor/colcon__ws/src/follow_wall_cavros/install/follow_wall_cavros/share/follow_wall_cavros/package.xml
[6.260s] Invoked command in '/home/victor/colcon__ws/src/follow_wall_cavros/build/follow_wall_cavros' returned '0': CMAKE_PREFIX_PATH=${CMAKE_PREFIX_PATH}:/home/victor/colcon__ws/install/ros2controlcli:/home/victor/colcon__ws/install/launch_pal:/home/victor/colcon__ws/install/intro_py_ros2:/opt/ros/foxy /usr/bin/cmake --install /home/victor/colcon__ws/src/follow_wall_cavros/build/follow_wall_cavros
