[0.016s] Invoking command in '/home/victor/colcon__ws/src/follow_wall_cavros/build/follow_wall_cavros': CMAKE_PREFIX_PATH=${CMAKE_PREFIX_PATH}:/home/victor/colcon__ws/install/ros2controlcli:/home/victor/colcon__ws/install/launch_pal:/home/victor/colcon__ws/install/intro_py_ros2:/opt/ros/foxy /usr/bin/cmake --build /home/victor/colcon__ws/src/follow_wall_cavros/build/follow_wall_cavros -- -j12 -l12
[0.079s] [ 36%] Built target gtest
[0.079s] [ 36%] Built target gtest_main
[0.089s] [ 63%] Built target follow_wall_cavros
[0.103s] [35m[1mScanning dependencies of target follow_wall_main[0m
[0.126s] [ 81%] Built target tests
[0.134s] [ 90%] [32mBuilding CXX object CMakeFiles/follow_wall_main.dir/src/follow_wall_main.cpp.o[0m
[2.057s] [100%] [32m[1mLinking CXX executable follow_wall_main[0m
[2.208s] [100%] Built target follow_wall_main
[2.220s] Invoked command in '/home/victor/colcon__ws/src/follow_wall_cavros/build/follow_wall_cavros' returned '0': CMAKE_PREFIX_PATH=${CMAKE_PREFIX_PATH}:/home/victor/colcon__ws/install/ros2controlcli:/home/victor/colcon__ws/install/launch_pal:/home/victor/colcon__ws/install/intro_py_ros2:/opt/ros/foxy /usr/bin/cmake --build /home/victor/colcon__ws/src/follow_wall_cavros/build/follow_wall_cavros -- -j12 -l12
[2.276s] Invoking command in '/home/victor/colcon__ws/src/follow_wall_cavros/build/follow_wall_cavros': CMAKE_PREFIX_PATH=${CMAKE_PREFIX_PATH}:/home/victor/colcon__ws/install/ros2controlcli:/home/victor/colcon__ws/install/launch_pal:/home/victor/colcon__ws/install/intro_py_ros2:/opt/ros/foxy /usr/bin/cmake --install /home/victor/colcon__ws/src/follow_wall_cavros/build/follow_wall_cavros
[2.285s] -- Install configuration: "DEBUG"
[2.286s] -- Execute custom install script
[2.286s] -- Up-to-date symlink: /home/victor/colcon__ws/src/follow_wall_cavros/install/follow_wall_cavros/include//follow_wall_cavros/LaserNode.hpp
[2.286s] -- Up-to-date symlink: /home/victor/colcon__ws/src/follow_wall_cavros/install/follow_wall_cavros/include//follow_wall_cavros/LifeCycle.hpp
[2.287s] -- Up-to-date symlink: /home/victor/colcon__ws/src/follow_wall_cavros/install/follow_wall_cavros/lib/follow_wall_cavros/follow_wall_main
[2.287s] -- Up-to-date symlink: /home/victor/colcon__ws/src/follow_wall_cavros/install/follow_wall_cavros/share/follow_wall_cavros/environment/library_path.sh
[2.287s] -- Up-to-date symlink: /home/victor/colcon__ws/src/follow_wall_cavros/install/follow_wall_cavros/share/follow_wall_cavros/environment/library_path.dsv
[2.288s] -- Up-to-date symlink: /home/victor/colcon__ws/src/follow_wall_cavros/install/follow_wall_cavros/share/ament_index/resource_index/package_run_dependencies/follow_wall_cavros
[2.288s] -- Up-to-date symlink: /home/victor/colcon__ws/src/follow_wall_cavros/install/follow_wall_cavros/share/ament_index/resource_index/parent_prefix_path/follow_wall_cavros
[2.288s] -- Up-to-date symlink: /home/victor/colcon__ws/src/follow_wall_cavros/install/follow_wall_cavros/share/follow_wall_cavros/environment/ament_prefix_path.sh
[2.288s] -- Up-to-date symlink: /home/victor/colcon__ws/src/follow_wall_cavros/install/follow_wall_cavros/share/follow_wall_cavros/environment/ament_prefix_path.dsv
[2.289s] -- Up-to-date symlink: /home/victor/colcon__ws/src/follow_wall_cavros/install/follow_wall_cavros/share/follow_wall_cavros/environment/path.sh
[2.289s] -- Up-to-date symlink: /home/victor/colcon__ws/src/follow_wall_cavros/install/follow_wall_cavros/share/follow_wall_cavros/environment/path.dsv
[2.289s] -- Up-to-date symlink: /home/victor/colcon__ws/src/follow_wall_cavros/install/follow_wall_cavros/share/follow_wall_cavros/local_setup.bash
[2.289s] -- Up-to-date symlink: /home/victor/colcon__ws/src/follow_wall_cavros/install/follow_wall_cavros/share/follow_wall_cavros/local_setup.sh
[2.290s] -- Up-to-date symlink: /home/victor/colcon__ws/src/follow_wall_cavros/install/follow_wall_cavros/share/follow_wall_cavros/local_setup.zsh
[2.290s] -- Up-to-date symlink: /home/victor/colcon__ws/src/follow_wall_cavros/install/follow_wall_cavros/share/follow_wall_cavros/local_setup.dsv
[2.290s] -- Symlinking: /home/victor/colcon__ws/src/follow_wall_cavros/install/follow_wall_cavros/share/follow_wall_cavros/package.dsv
[2.301s] -- Up-to-date symlink: /home/victor/colcon__ws/src/follow_wall_cavros/install/follow_wall_cavros/share/ament_index/resource_index/packages/follow_wall_cavros
[2.301s] -- Up-to-date symlink: /home/victor/colcon__ws/src/follow_wall_cavros/install/follow_wall_cavros/share/follow_wall_cavros/cmake/ament_cmake_export_include_directories-extras.cmake
[2.301s] -- Up-to-date symlink: /home/victor/colcon__ws/src/follow_wall_cavros/install/follow_wall_cavros/share/follow_wall_cavros/cmake/ament_cmake_export_libraries-extras.cmake
[2.302s] -- Up-to-date symlink: /home/victor/colcon__ws/src/follow_wall_cavros/install/follow_wall_cavros/share/follow_wall_cavros/cmake/ament_cmake_export_dependencies-extras.cmake
[2.302s] -- Up-to-date symlink: /home/victor/colcon__ws/src/follow_wall_cavros/install/follow_wall_cavros/share/follow_wall_cavros/cmake/follow_wall_cavrosConfig.cmake
[2.303s] -- Up-to-date symlink: /home/victor/colcon__ws/src/follow_wall_cavros/install/follow_wall_cavros/share/follow_wall_cavros/cmake/follow_wall_cavrosConfig-version.cmake
[2.303s] -- Up-to-date symlink: /home/victor/colcon__ws/src/follow_wall_cavros/install/follow_wall_cavros/share/follow_wall_cavros/package.xml
[2.305s] Invoked command in '/home/victor/colcon__ws/src/follow_wall_cavros/build/follow_wall_cavros' returned '0': CMAKE_PREFIX_PATH=${CMAKE_PREFIX_PATH}:/home/victor/colcon__ws/install/ros2controlcli:/home/victor/colcon__ws/install/launch_pal:/home/victor/colcon__ws/install/intro_py_ros2:/opt/ros/foxy /usr/bin/cmake --install /home/victor/colcon__ws/src/follow_wall_cavros/build/follow_wall_cavros
